[16:04:03] [ServerMain/INFO]: Building unoptimized datafixer
[16:04:04] [ServerMain/INFO]: Environment: authHost='https://authserver.mojang.com', accountsHost='https://api.mojang.com', sessionHost='https://sessionserver.mojang.com', servicesHost='https://api.minecraftservices.com', name='PROD'
[16:04:05] [ServerMain/INFO]: Loaded 7 recipes
[16:04:05] [ServerMain/INFO]: Loaded 1179 advancements
[16:04:06] [Server thread/INFO]: Starting minecraft server version 1.19.3
[16:04:06] [Server thread/INFO]: Loading properties
[16:04:06] [Server thread/INFO]: Default game type: SURVIVAL
[16:04:06] [Server thread/INFO]: Generating keypair
[16:04:06] [Server thread/INFO]: Starting Minecraft server on *:25565
[16:04:06] [Server thread/INFO]: Using epoll channel type
[16:04:06] [Server thread/WARN]: **** SERVER IS RUNNING IN OFFLINE/INSECURE MODE!
[16:04:06] [Server thread/WARN]: The server will make no attempt to authenticate usernames. Beware.
[16:04:06] [Server thread/WARN]: While this makes the game possible to play without internet access, it also opens up the ability for hackers to connect with any username they choose.
[16:04:06] [Server thread/WARN]: To change this, set "online-mode" to "true" in the server.properties file.
[16:04:06] [Server thread/INFO]: Preparing level "world"
[16:04:07] [Server thread/INFO]: Preparing start region for dimension minecraft:overworld
[16:04:09] [Worker-Main-1/INFO]: Preparing spawn area: 0%
[16:04:09] [Worker-Main-6/INFO]: Preparing spawn area: 0%
[16:04:09] [Worker-Main-6/INFO]: Preparing spawn area: 0%
[16:04:09] [Worker-Main-6/INFO]: Preparing spawn area: 0%
[16:04:09] [Worker-Main-6/INFO]: Preparing spawn area: 0%
[16:04:10] [Worker-Main-3/INFO]: Preparing spawn area: 54%
[16:04:10] [Server thread/INFO]: Time elapsed: 2748 ms
[16:04:10] [Server thread/INFO]: Done (3.802s)! For help, type "help"
[16:04:21] [Server thread/INFO]: Chiseledbook[/127.0.0.1:51056] logged in with entity id 247 at (2.13712780003377, 73.0, 48.06988958297578)
[16:04:21] [Server thread/INFO]: Chiseledbook joined the game
