[15:39:21] [ServerMain/INFO]: Building unoptimized datafixer
[15:39:22] [ServerMain/INFO]: Environment: authHost='https://authserver.mojang.com', accountsHost='https://api.mojang.com', sessionHost='https://sessionserver.mojang.com', servicesHost='https://api.minecraftservices.com', name='PROD'
[15:39:22] [ServerMain/INFO]: Found new data pack file/bukkit, loading it automatically
[15:39:24] [ServerMain/INFO]: Loaded 7 recipes
[15:39:24] [Server thread/INFO]: Starting minecraft server version 1.19.3
[15:39:24] [Server thread/INFO]: Loading properties
[15:39:25] [Server thread/INFO]: This server is running CraftBukkit version 3640-Spigot-19641c7-ab8ace6 (MC: 1.19.3) (Implementing API version 1.19.3-R0.1-SNAPSHOT)
[15:39:25] [Server thread/INFO]: Debug logging is disabled
[15:39:25] [Server thread/INFO]: Server Ping Player Sample Count: 12
[15:39:25] [Server thread/INFO]: Using 4 threads for Netty based IO
[15:39:25] [Server thread/INFO]: Default game type: CREATIVE
[15:39:25] [Server thread/INFO]: Generating keypair
[15:39:25] [Server thread/INFO]: Starting Minecraft server on *:25565
[15:39:25] [Server thread/INFO]: Using epoll channel type
[15:39:25] [Server thread/WARN]: Initializing Legacy Material Support. Unless you have legacy plugins and/or data this is a bug!
[15:39:28] [Server thread/WARN]: Legacy plugin SetSpawn v2.1 does not specify an api-version.
[15:39:28] [Server thread/WARN]: Legacy plugin RaspberryJuice v1.7 does not specify an api-version.
[15:39:28] [Server thread/INFO]: [SetSpawn] Loading SetSpawn v2.1
[15:39:28] [Server thread/INFO]: [RaspberryJuice] Loading RaspberryJuice v1.7
[15:39:28] [Server thread/INFO]: Preparing level "world"
[15:39:28] [Server thread/INFO]: -------- World Settings For [world] --------
[15:39:28] [Server thread/INFO]: Entity Activation Range: An 32 / Mo 32 / Ra 48 / Mi 16 / Tiv true / Isa false
[15:39:28] [Server thread/INFO]: Entity Tracking Range: Pl 48 / An 48 / Mo 48 / Mi 32 / Other 64
[15:39:28] [Server thread/INFO]: Hopper Transfer: 8 Hopper Check: 1 Hopper Amount: 1 Hopper Can Load Chunks: false
[15:39:28] [Server thread/INFO]: Mob Spawn Range: 4
[15:39:28] [Server thread/INFO]: Experience Merge Radius: 3.0
[15:39:28] [Server thread/INFO]: Cactus Growth Modifier: 100%
[15:39:28] [Server thread/INFO]: Cane Growth Modifier: 100%
[15:39:28] [Server thread/INFO]: Melon Growth Modifier: 100%
[15:39:28] [Server thread/INFO]: Mushroom Growth Modifier: 100%
[15:39:28] [Server thread/INFO]: Pumpkin Growth Modifier: 100%
[15:39:28] [Server thread/INFO]: Sapling Growth Modifier: 100%
[15:39:28] [Server thread/INFO]: Beetroot Growth Modifier: 100%
[15:39:28] [Server thread/INFO]: Carrot Growth Modifier: 100%
[15:39:28] [Server thread/INFO]: Potato Growth Modifier: 100%
[15:39:28] [Server thread/INFO]: Wheat Growth Modifier: 100%
[15:39:28] [Server thread/INFO]: NetherWart Growth Modifier: 100%
[15:39:28] [Server thread/INFO]: Vine Growth Modifier: 100%
[15:39:28] [Server thread/INFO]: Cocoa Growth Modifier: 100%
[15:39:28] [Server thread/INFO]: Bamboo Growth Modifier: 100%
[15:39:28] [Server thread/INFO]: SweetBerry Growth Modifier: 100%
[15:39:28] [Server thread/INFO]: Kelp Growth Modifier: 100%
[15:39:28] [Server thread/INFO]: TwistingVines Growth Modifier: 100%
[15:39:28] [Server thread/INFO]: WeepingVines Growth Modifier: 100%
[15:39:28] [Server thread/INFO]: CaveVines Growth Modifier: 100%
[15:39:28] [Server thread/INFO]: Custom Map Seeds:  Village: 10387312 Desert: 14357617 Igloo: 14357618 Jungle: 14357619 Swamp: 14357620 Monument: 10387313 Ocean: 14357621 Shipwreck: 165745295 End City: 10387313 Slime: 987234911 Nether: 30084232 Mansion: 10387319 Fossil: 14357921 Portal: 34222645
[15:39:28] [Server thread/INFO]: Max TNT Explosions: 100
[15:39:28] [Server thread/INFO]: Tile Max Tick Time: 50ms Entity max Tick Time: 50ms
[15:39:28] [Server thread/INFO]: Item Merge Radius: 2.5
[15:39:28] [Server thread/INFO]: Item Despawn Rate: 6000
[15:39:28] [Server thread/INFO]: View Distance: 10
[15:39:28] [Server thread/INFO]: Simulation Distance: 10
[15:39:28] [Server thread/INFO]: Allow Zombie Pigmen to spawn from portal blocks: true
[15:39:28] [Server thread/INFO]: Arrow Despawn Rate: 1200 Trident Respawn Rate:1200
[15:39:28] [Server thread/INFO]: Zombie Aggressive Towards Villager: true
[15:39:28] [Server thread/INFO]: Nerfing mobs spawned from spawners: false
[15:39:28] [Server thread/INFO]: -------- World Settings For [world_nether] --------
[15:39:28] [Server thread/INFO]: Entity Activation Range: An 32 / Mo 32 / Ra 48 / Mi 16 / Tiv true / Isa false
[15:39:28] [Server thread/INFO]: Entity Tracking Range: Pl 48 / An 48 / Mo 48 / Mi 32 / Other 64
[15:39:28] [Server thread/INFO]: Hopper Transfer: 8 Hopper Check: 1 Hopper Amount: 1 Hopper Can Load Chunks: false
[15:39:28] [Server thread/INFO]: Mob Spawn Range: 4
[15:39:28] [Server thread/INFO]: Experience Merge Radius: 3.0
[15:39:28] [Server thread/INFO]: Cactus Growth Modifier: 100%
[15:39:28] [Server thread/INFO]: Cane Growth Modifier: 100%
[15:39:28] [Server thread/INFO]: Melon Growth Modifier: 100%
[15:39:28] [Server thread/INFO]: Mushroom Growth Modifier: 100%
[15:39:28] [Server thread/INFO]: Pumpkin Growth Modifier: 100%
[15:39:28] [Server thread/INFO]: Sapling Growth Modifier: 100%
[15:39:28] [Server thread/INFO]: Beetroot Growth Modifier: 100%
[15:39:28] [Server thread/INFO]: Carrot Growth Modifier: 100%
[15:39:28] [Server thread/INFO]: Potato Growth Modifier: 100%
[15:39:28] [Server thread/INFO]: Wheat Growth Modifier: 100%
[15:39:28] [Server thread/INFO]: NetherWart Growth Modifier: 100%
[15:39:28] [Server thread/INFO]: Vine Growth Modifier: 100%
[15:39:28] [Server thread/INFO]: Cocoa Growth Modifier: 100%
[15:39:28] [Server thread/INFO]: Bamboo Growth Modifier: 100%
[15:39:28] [Server thread/INFO]: SweetBerry Growth Modifier: 100%
[15:39:28] [Server thread/INFO]: Kelp Growth Modifier: 100%
[15:39:28] [Server thread/INFO]: TwistingVines Growth Modifier: 100%
[15:39:28] [Server thread/INFO]: WeepingVines Growth Modifier: 100%
[15:39:28] [Server thread/INFO]: CaveVines Growth Modifier: 100%
[15:39:28] [Server thread/INFO]: Custom Map Seeds:  Village: 10387312 Desert: 14357617 Igloo: 14357618 Jungle: 14357619 Swamp: 14357620 Monument: 10387313 Ocean: 14357621 Shipwreck: 165745295 End City: 10387313 Slime: 987234911 Nether: 30084232 Mansion: 10387319 Fossil: 14357921 Portal: 34222645
[15:39:28] [Server thread/INFO]: Max TNT Explosions: 100
[15:39:28] [Server thread/INFO]: Tile Max Tick Time: 50ms Entity max Tick Time: 50ms
[15:39:28] [Server thread/INFO]: Item Merge Radius: 2.5
[15:39:28] [Server thread/INFO]: Item Despawn Rate: 6000
[15:39:28] [Server thread/INFO]: View Distance: 10
[15:39:28] [Server thread/INFO]: Simulation Distance: 10
[15:39:28] [Server thread/INFO]: Allow Zombie Pigmen to spawn from portal blocks: true
[15:39:28] [Server thread/INFO]: Arrow Despawn Rate: 1200 Trident Respawn Rate:1200
[15:39:28] [Server thread/INFO]: Zombie Aggressive Towards Villager: true
[15:39:28] [Server thread/INFO]: Nerfing mobs spawned from spawners: false
[15:39:37] [Server thread/INFO]: -------- World Settings For [world_the_end] --------
[15:39:37] [Server thread/INFO]: Entity Activation Range: An 32 / Mo 32 / Ra 48 / Mi 16 / Tiv true / Isa false
[15:39:37] [Server thread/INFO]: Entity Tracking Range: Pl 48 / An 48 / Mo 48 / Mi 32 / Other 64
[15:39:37] [Server thread/INFO]: Hopper Transfer: 8 Hopper Check: 1 Hopper Amount: 1 Hopper Can Load Chunks: false
[15:39:37] [Server thread/INFO]: Mob Spawn Range: 4
[15:39:37] [Server thread/INFO]: Experience Merge Radius: 3.0
[15:39:37] [Server thread/INFO]: Cactus Growth Modifier: 100%
[15:39:37] [Server thread/INFO]: Cane Growth Modifier: 100%
[15:39:37] [Server thread/INFO]: Melon Growth Modifier: 100%
[15:39:37] [Server thread/INFO]: Mushroom Growth Modifier: 100%
[15:39:37] [Server thread/INFO]: Pumpkin Growth Modifier: 100%
[15:39:37] [Server thread/INFO]: Sapling Growth Modifier: 100%
[15:39:37] [Server thread/INFO]: Beetroot Growth Modifier: 100%
[15:39:37] [Server thread/INFO]: Carrot Growth Modifier: 100%
[15:39:37] [Server thread/INFO]: Potato Growth Modifier: 100%
[15:39:37] [Server thread/INFO]: Wheat Growth Modifier: 100%
[15:39:37] [Server thread/INFO]: NetherWart Growth Modifier: 100%
[15:39:37] [Server thread/INFO]: Vine Growth Modifier: 100%
[15:39:37] [Server thread/INFO]: Cocoa Growth Modifier: 100%
[15:39:37] [Server thread/INFO]: Bamboo Growth Modifier: 100%
[15:39:37] [Server thread/INFO]: SweetBerry Growth Modifier: 100%
[15:39:37] [Server thread/INFO]: Kelp Growth Modifier: 100%
[15:39:37] [Server thread/INFO]: TwistingVines Growth Modifier: 100%
[15:39:37] [Server thread/INFO]: WeepingVines Growth Modifier: 100%
[15:39:37] [Server thread/INFO]: CaveVines Growth Modifier: 100%
[15:39:37] [Server thread/INFO]: Custom Map Seeds:  Village: 10387312 Desert: 14357617 Igloo: 14357618 Jungle: 14357619 Swamp: 14357620 Monument: 10387313 Ocean: 14357621 Shipwreck: 165745295 End City: 10387313 Slime: 987234911 Nether: 30084232 Mansion: 10387319 Fossil: 14357921 Portal: 34222645
[15:39:37] [Server thread/INFO]: Max TNT Explosions: 100
[15:39:37] [Server thread/INFO]: Tile Max Tick Time: 50ms Entity max Tick Time: 50ms
[15:39:37] [Server thread/INFO]: Item Merge Radius: 2.5
[15:39:37] [Server thread/INFO]: Item Despawn Rate: 6000
[15:39:37] [Server thread/INFO]: View Distance: 10
[15:39:37] [Server thread/INFO]: Simulation Distance: 10
[15:39:37] [Server thread/INFO]: Allow Zombie Pigmen to spawn from portal blocks: true
[15:39:37] [Server thread/INFO]: Arrow Despawn Rate: 1200 Trident Respawn Rate:1200
[15:39:37] [Server thread/INFO]: Zombie Aggressive Towards Villager: true
[15:39:37] [Server thread/INFO]: Nerfing mobs spawned from spawners: false
[15:39:39] [Server thread/INFO]: Preparing start region for dimension minecraft:overworld
[15:39:43] [Worker-Main-9/INFO]: Preparing spawn area: 0%
[15:39:43] [Worker-Main-9/INFO]: Preparing spawn area: 0%
[15:39:43] [Worker-Main-9/INFO]: Preparing spawn area: 0%
[15:39:43] [Worker-Main-9/INFO]: Preparing spawn area: 0%
[15:39:43] [Worker-Main-9/INFO]: Preparing spawn area: 0%
[15:39:43] [Worker-Main-9/INFO]: Preparing spawn area: 0%
[15:39:43] [Worker-Main-9/INFO]: Preparing spawn area: 0%
[15:39:44] [Worker-Main-9/INFO]: Preparing spawn area: 0%
[15:39:44] [Worker-Main-9/INFO]: Preparing spawn area: 0%
[15:39:44] [Worker-Main-9/INFO]: Preparing spawn area: 0%
[15:39:45] [Worker-Main-9/INFO]: Preparing spawn area: 0%
[15:39:45] [Worker-Main-7/INFO]: Preparing spawn area: 0%
[15:39:45] [Worker-Main-9/INFO]: Preparing spawn area: 0%
[15:39:46] [Worker-Main-4/INFO]: Preparing spawn area: 0%
[15:39:46] [Worker-Main-10/INFO]: Preparing spawn area: 0%
[15:39:47] [Worker-Main-2/INFO]: Preparing spawn area: 1%
[15:39:47] [Worker-Main-1/INFO]: Preparing spawn area: 5%
[15:39:48] [Worker-Main-5/INFO]: Preparing spawn area: 7%
[15:39:48] [Worker-Main-5/INFO]: Preparing spawn area: 11%
[15:39:49] [Worker-Main-8/INFO]: Preparing spawn area: 13%
[15:39:49] [Worker-Main-3/INFO]: Preparing spawn area: 19%
[15:39:50] [Worker-Main-4/INFO]: Preparing spawn area: 21%
[15:39:50] [Worker-Main-4/INFO]: Preparing spawn area: 27%
[15:39:51] [Worker-Main-5/INFO]: Preparing spawn area: 33%
[15:39:51] [Worker-Main-7/INFO]: Preparing spawn area: 37%
[15:39:52] [Worker-Main-11/INFO]: Preparing spawn area: 42%
[15:39:52] [Worker-Main-5/INFO]: Preparing spawn area: 48%
[15:39:53] [Worker-Main-3/INFO]: Preparing spawn area: 54%
[15:39:53] [Worker-Main-9/INFO]: Preparing spawn area: 58%
[15:39:54] [Worker-Main-4/INFO]: Preparing spawn area: 64%
[15:39:54] [Worker-Main-6/INFO]: Preparing spawn area: 68%
[15:39:55] [Worker-Main-8/INFO]: Preparing spawn area: 71%
[15:39:55] [Worker-Main-9/INFO]: Preparing spawn area: 77%
[15:39:56] [Worker-Main-5/INFO]: Preparing spawn area: 82%
[15:39:56] [Worker-Main-7/INFO]: Preparing spawn area: 84%
[15:39:57] [Worker-Main-7/INFO]: Preparing spawn area: 86%
